<?xml version="1.0" encoding="UTF-8"?>
<!-- Generated by org.testng.reporters.JUnitReportReporter -->
<testsuite skipped="0" hostname="user-PC" name="LoginPage.Login" tests="6" failures="0" timestamp="08 Jul 2018 05:32:16 GMT" time="37.459" errors="0">
  <testcase name="Step1_login" time="15.810" classname="LoginPage.Login"/>
  <testcase name="Step2_homePageDetails" time="0.717" classname="LoginPage.Login"/>
  <testcase name="Step5_NavigateToActivePage" time="14.534" classname="LoginPage.Login"/>
  <testcase name="Step4_ValidateDetailsinPDP" time="0.002" classname="LoginPage.Login"/>
  <testcase name="Step3_NavigateToPDP" time="6.393" classname="LoginPage.Login"/>
  <testcase name="Step6_ValidateDetailsinActivePage" time="0.003" classname="LoginPage.Login"/>
</testsuite> <!-- LoginPage.Login -->
